This file contains any messages produced by compilers while
running configure, to aid debugging if configure makes a mistake.

It was created by libodb-mysql configure 2.4.0, which was
generated by GNU Autoconf 2.69.  Invocation command line was

  $ ./configure CC=/usr/bin/gcc CXX=/usr/bin/g++ CFLAGS=-g3 -gdwarf-2 CXXFLAGS=-g3 -gdwarf-2 LDFLAGS=

## --------- ##
## Platform. ##
## --------- ##

hostname = iot-virtual-machine
uname -m = i686
uname -r = 3.13.0-55-generic
uname -s = Linux
uname -v = #94-Ubuntu SMP Thu Jun 18 00:28:41 UTC 2015

/usr/bin/uname -p = unknown
/bin/uname -X     = unknown

/bin/arch              = unknown
/usr/bin/arch -k       = unknown
/usr/convex/getsysinfo = unknown
/usr/bin/hostinfo      = unknown
/bin/machine           = unknown
/usr/bin/oslevel       = unknown
/bin/universe          = unknown

PATH: /usr/bin
PATH: /usr/local/sbin
PATH: /usr/local/bin
PATH: /usr/sbin
PATH: /usr/bin
PATH: /sbin
PATH: /bin
PATH: /usr/games
PATH: /usr/local/games


## ----------- ##
## Core tests. ##
## ----------- ##

configure:2305: checking for a BSD-compatible install
configure:2373: result: /usr/bin/install -c
configure:2384: checking whether build environment is sane
configure:2439: result: yes
configure:2590: checking for a thread-safe mkdir -p
configure:2629: result: /bin/mkdir -p
configure:2636: checking for gawk
configure:2666: result: no
configure:2636: checking for mawk
configure:2652: found /usr/bin/mawk
configure:2663: result: mawk
configure:2674: checking whether make sets $(MAKE)
configure:2696: result: yes
configure:2777: checking how to create a ustar tar archive
configure:2790: tar --version
tar (GNU tar) 1.27.1
Copyright (C) 2013 Free Software Foundation, Inc.
License GPLv3+: GNU GPL version 3 or later <http://gnu.org/licenses/gpl.html>.
This is free software: you are free to change and redistribute it.
There is NO WARRANTY, to the extent permitted by law.

Written by John Gilmore and Jay Fenlason.
configure:2793: $? = 0
configure:2833: tardir=conftest.dir && eval tar --format=ustar -chf - "$tardir" >conftest.tar
configure:2836: $? = 0
configure:2840: tar -xf - <conftest.tar
configure:2843: $? = 0
configure:2856: result: gnutar
configure:2875: checking for style of include used by make
configure:2903: result: GNU
configure:2974: checking for gcc
configure:3001: result: /usr/bin/gcc
configure:3230: checking for C compiler version
configure:3239: /usr/bin/gcc --version >&5
gcc (Ubuntu 4.8.4-2ubuntu1~14.04) 4.8.4
Copyright (C) 2013 Free Software Foundation, Inc.
This is free software; see the source for copying conditions.  There is NO
warranty; not even for MERCHANTABILITY or FITNESS FOR A PARTICULAR PURPOSE.

configure:3250: $? = 0
configure:3239: /usr/bin/gcc -v >&5
Using built-in specs.
COLLECT_GCC=/usr/bin/gcc
COLLECT_LTO_WRAPPER=/usr/lib/gcc/i686-linux-gnu/4.8/lto-wrapper
Target: i686-linux-gnu
Configured with: ../src/configure -v --with-pkgversion='Ubuntu 4.8.4-2ubuntu1~14.04' --with-bugurl=file:///usr/share/doc/gcc-4.8/README.Bugs --enable-languages=c,c++,java,go,d,fortran,objc,obj-c++ --prefix=/usr --program-suffix=-4.8 --enable-shared --enable-linker-build-id --libexecdir=/usr/lib --without-included-gettext --enable-threads=posix --with-gxx-include-dir=/usr/include/c++/4.8 --libdir=/usr/lib --enable-nls --with-sysroot=/ --enable-clocale=gnu --enable-libstdcxx-debug --enable-libstdcxx-time=yes --enable-gnu-unique-object --disable-libmudflap --enable-plugin --with-system-zlib --disable-browser-plugin --enable-java-awt=gtk --enable-gtk-cairo --with-java-home=/usr/lib/jvm/java-1.5.0-gcj-4.8-i386/jre --enable-java-home --with-jvm-root-dir=/usr/lib/jvm/java-1.5.0-gcj-4.8-i386 --with-jvm-jar-dir=/usr/lib/jvm-exports/java-1.5.0-gcj-4.8-i386 --with-arch-directory=i386 --with-ecj-jar=/usr/share/java/eclipse-ecj.jar --enable-objc-gc --enable-targets=all --enable-multiarch --disable-werror --with-arch-32=i686 --with-multilib-list=m32,m64,mx32 --with-tune=generic --enable-checking=release --build=i686-linux-gnu --host=i686-linux-gnu --target=i686-linux-gnu
Thread model: posix
gcc version 4.8.4 (Ubuntu 4.8.4-2ubuntu1~14.04) 
configure:3250: $? = 0
configure:3239: /usr/bin/gcc -V >&5
gcc: error: unrecognized command line option '-V'
gcc: fatal error: no input files
compilation terminated.
configure:3250: $? = 4
configure:3239: /usr/bin/gcc -qversion >&5
gcc: error: unrecognized command line option '-qversion'
gcc: fatal error: no input files
compilation terminated.
configure:3250: $? = 4
configure:3270: checking whether the C compiler works
configure:3292: /usr/bin/gcc -g3 -gdwarf-2   conftest.c  >&5
configure:3296: $? = 0
configure:3344: result: yes
configure:3347: checking for C compiler default output file name
configure:3349: result: a.out
configure:3355: checking for suffix of executables
configure:3362: /usr/bin/gcc -o conftest -g3 -gdwarf-2   conftest.c  >&5
configure:3366: $? = 0
configure:3388: result: 
configure:3410: checking whether we are cross compiling
configure:3418: /usr/bin/gcc -o conftest -g3 -gdwarf-2   conftest.c  >&5
configure:3422: $? = 0
configure:3429: ./conftest
configure:3433: $? = 0
configure:3448: result: no
configure:3453: checking for suffix of object files
configure:3475: /usr/bin/gcc -c -g3 -gdwarf-2  conftest.c >&5
configure:3479: $? = 0
configure:3500: result: o
configure:3504: checking whether we are using the GNU C compiler
configure:3523: /usr/bin/gcc -c -g3 -gdwarf-2  conftest.c >&5
configure:3523: $? = 0
configure:3532: result: yes
configure:3541: checking whether /usr/bin/gcc accepts -g
configure:3561: /usr/bin/gcc -c -g  conftest.c >&5
configure:3561: $? = 0
configure:3602: result: yes
configure:3619: checking for /usr/bin/gcc option to accept ISO C89
configure:3682: /usr/bin/gcc  -c -g3 -gdwarf-2  conftest.c >&5
configure:3682: $? = 0
configure:3695: result: none needed
configure:3717: checking dependency style of /usr/bin/gcc
configure:3828: result: gcc3
configure:3893: checking for ar
configure:3909: found /usr/bin/ar
configure:3920: result: ar
configure:3946: checking the archiver (ar) interface
configure:3956: /usr/bin/gcc -c -g3 -gdwarf-2  conftest.c >&5
configure:3956: $? = 0
configure:3958: ar cru libconftest.a conftest.o >&5
configure:3961: $? = 0
configure:3984: result: ar
configure:4034: checking build system type
configure:4048: result: i686-pc-linux-gnu
configure:4068: checking host system type
configure:4081: result: i686-pc-linux-gnu
configure:4122: checking how to print strings
configure:4149: result: printf
configure:4170: checking for a sed that does not truncate output
configure:4234: result: /bin/sed
configure:4252: checking for grep that handles long lines and -e
configure:4310: result: /bin/grep
configure:4315: checking for egrep
configure:4377: result: /bin/grep -E
configure:4382: checking for fgrep
configure:4444: result: /bin/grep -F
configure:4479: checking for ld used by /usr/bin/gcc
configure:4546: result: /usr/bin/ld
configure:4553: checking if the linker (/usr/bin/ld) is GNU ld
configure:4568: result: yes
configure:4580: checking for BSD- or MS-compatible name lister (nm)
configure:4629: result: /usr/bin/nm -B
configure:4759: checking the name lister (/usr/bin/nm -B) interface
configure:4766: /usr/bin/gcc -c -g3 -gdwarf-2  conftest.c >&5
configure:4769: /usr/bin/nm -B "conftest.o"
configure:4772: output
00000000 B some_variable
00000000 n wm4.0.447c660a782972a7022253523fc37e02
00000000 n wm4.stdcpredef.h.19.13d357f53e03e35e37f3aa674f978c59
configure:4779: result: BSD nm
configure:4782: checking whether ln -s works
configure:4786: result: yes
configure:4794: checking the maximum length of command line arguments
configure:4925: result: 1572864
configure:4942: checking whether the shell understands some XSI constructs
configure:4952: result: yes
configure:4956: checking whether the shell understands "+="
configure:4962: result: yes
configure:4997: checking how to convert i686-pc-linux-gnu file names to i686-pc-linux-gnu format
configure:5037: result: func_convert_file_noop
configure:5044: checking how to convert i686-pc-linux-gnu file names to toolchain format
configure:5064: result: func_convert_file_noop
configure:5071: checking for /usr/bin/ld option to reload object files
configure:5078: result: -r
configure:5152: checking for objdump
configure:5168: found /usr/bin/objdump
configure:5179: result: objdump
configure:5208: checking how to recognize dependent libraries
configure:5406: result: pass_all
configure:5491: checking for dlltool
configure:5521: result: no
configure:5548: checking how to associate runtime and link libraries
configure:5575: result: printf %s\n
configure:5699: checking for archiver @FILE support
configure:5716: /usr/bin/gcc -c -g3 -gdwarf-2  conftest.c >&5
configure:5716: $? = 0
configure:5719: ar cru libconftest.a @conftest.lst >&5
configure:5722: $? = 0
configure:5727: ar cru libconftest.a @conftest.lst >&5
ar: conftest.o: No such file or directory
configure:5730: $? = 1
configure:5742: result: @
configure:5800: checking for strip
configure:5816: found /usr/bin/strip
configure:5827: result: strip
configure:5899: checking for ranlib
configure:5915: found /usr/bin/ranlib
configure:5926: result: ranlib
configure:6028: checking command to parse /usr/bin/nm -B output from /usr/bin/gcc object
configure:6148: /usr/bin/gcc -c -g3 -gdwarf-2  conftest.c >&5
configure:6151: $? = 0
configure:6155: /usr/bin/nm -B conftest.o \| sed -n -e 's/^.*[ ]\([ABCDGIRSTW][ABCDGIRSTW]*\)[ ][ ]*\([_A-Za-z][_A-Za-z0-9]*\)$/\1 \2 \2/p' | sed '/ __gnu_lto/d' \> conftest.nm
configure:6158: $? = 0
configure:6224: /usr/bin/gcc -o conftest -g3 -gdwarf-2   conftest.c conftstm.o >&5
configure:6227: $? = 0
configure:6265: result: ok
configure:6302: checking for sysroot
configure:6332: result: no
configure:6595: checking for mt
configure:6611: found /bin/mt
configure:6622: result: mt
configure:6645: checking if mt is a manifest tool
configure:6651: mt '-?'
configure:6659: result: no
configure:7301: checking how to run the C preprocessor
configure:7332: /usr/bin/gcc -E  conftest.c
configure:7332: $? = 0
configure:7346: /usr/bin/gcc -E  conftest.c
conftest.c:11:28: fatal error: ac_nonexistent.h: No such file or directory
 #include <ac_nonexistent.h>
                            ^
compilation terminated.
configure:7346: $? = 1
configure: failed program was:
| /* confdefs.h */
| #define PACKAGE_NAME "libodb-mysql"
| #define PACKAGE_TARNAME "libodb-mysql"
| #define PACKAGE_VERSION "2.4.0"
| #define PACKAGE_STRING "libodb-mysql 2.4.0"
| #define PACKAGE_BUGREPORT "odb-users@codesynthesis.com"
| #define PACKAGE_URL ""
| #define PACKAGE "libodb-mysql"
| #define VERSION "2.4.0"
| /* end confdefs.h.  */
| #include <ac_nonexistent.h>
configure:7371: result: /usr/bin/gcc -E
configure:7391: /usr/bin/gcc -E  conftest.c
configure:7391: $? = 0
configure:7405: /usr/bin/gcc -E  conftest.c
conftest.c:11:28: fatal error: ac_nonexistent.h: No such file or directory
 #include <ac_nonexistent.h>
                            ^
compilation terminated.
configure:7405: $? = 1
configure: failed program was:
| /* confdefs.h */
| #define PACKAGE_NAME "libodb-mysql"
| #define PACKAGE_TARNAME "libodb-mysql"
| #define PACKAGE_VERSION "2.4.0"
| #define PACKAGE_STRING "libodb-mysql 2.4.0"
| #define PACKAGE_BUGREPORT "odb-users@codesynthesis.com"
| #define PACKAGE_URL ""
| #define PACKAGE "libodb-mysql"
| #define VERSION "2.4.0"
| /* end confdefs.h.  */
| #include <ac_nonexistent.h>
configure:7434: checking for ANSI C header files
configure:7454: /usr/bin/gcc -c -g3 -gdwarf-2  conftest.c >&5
configure:7454: $? = 0
configure:7527: /usr/bin/gcc -o conftest -g3 -gdwarf-2   conftest.c  >&5
configure:7527: $? = 0
configure:7527: ./conftest
configure:7527: $? = 0
configure:7538: result: yes
configure:7551: checking for sys/types.h
configure:7551: /usr/bin/gcc -c -g3 -gdwarf-2  conftest.c >&5
configure:7551: $? = 0
configure:7551: result: yes
configure:7551: checking for sys/stat.h
configure:7551: /usr/bin/gcc -c -g3 -gdwarf-2  conftest.c >&5
configure:7551: $? = 0
configure:7551: result: yes
configure:7551: checking for stdlib.h
configure:7551: /usr/bin/gcc -c -g3 -gdwarf-2  conftest.c >&5
configure:7551: $? = 0
configure:7551: result: yes
configure:7551: checking for string.h
configure:7551: /usr/bin/gcc -c -g3 -gdwarf-2  conftest.c >&5
configure:7551: $? = 0
configure:7551: result: yes
configure:7551: checking for memory.h
configure:7551: /usr/bin/gcc -c -g3 -gdwarf-2  conftest.c >&5
configure:7551: $? = 0
configure:7551: result: yes
configure:7551: checking for strings.h
configure:7551: /usr/bin/gcc -c -g3 -gdwarf-2  conftest.c >&5
configure:7551: $? = 0
configure:7551: result: yes
configure:7551: checking for inttypes.h
configure:7551: /usr/bin/gcc -c -g3 -gdwarf-2  conftest.c >&5
configure:7551: $? = 0
configure:7551: result: yes
configure:7551: checking for stdint.h
configure:7551: /usr/bin/gcc -c -g3 -gdwarf-2  conftest.c >&5
configure:7551: $? = 0
configure:7551: result: yes
configure:7551: checking for unistd.h
configure:7551: /usr/bin/gcc -c -g3 -gdwarf-2  conftest.c >&5
configure:7551: $? = 0
configure:7551: result: yes
configure:7565: checking for dlfcn.h
configure:7565: /usr/bin/gcc -c -g3 -gdwarf-2  conftest.c >&5
configure:7565: $? = 0
configure:7565: result: yes
configure:8069: checking for objdir
configure:8084: result: .libs
configure:8355: checking if /usr/bin/gcc supports -fno-rtti -fno-exceptions
configure:8373: /usr/bin/gcc -c -g3 -gdwarf-2  -fno-rtti -fno-exceptions conftest.c >&5
cc1: warning: command line option '-fno-rtti' is valid for C++/ObjC++ but not for C [enabled by default]
configure:8377: $? = 0
configure:8390: result: no
configure:8717: checking for /usr/bin/gcc option to produce PIC
configure:8724: result: -fPIC -DPIC
configure:8732: checking if /usr/bin/gcc PIC flag -fPIC -DPIC works
configure:8750: /usr/bin/gcc -c -g3 -gdwarf-2  -fPIC -DPIC -DPIC conftest.c >&5
configure:8754: $? = 0
configure:8767: result: yes
configure:8796: checking if /usr/bin/gcc static flag -static works
configure:8824: result: yes
configure:8839: checking if /usr/bin/gcc supports -c -o file.o
configure:8860: /usr/bin/gcc -c -g3 -gdwarf-2  -o out/conftest2.o conftest.c >&5
configure:8864: $? = 0
configure:8886: result: yes
configure:8894: checking if /usr/bin/gcc supports -c -o file.o
configure:8941: result: yes
configure:8974: checking whether the /usr/bin/gcc linker (/usr/bin/ld) supports shared libraries
configure:10131: result: yes
configure:10168: checking whether -lc should be explicitly linked in
configure:10176: /usr/bin/gcc -c -g3 -gdwarf-2  conftest.c >&5
configure:10179: $? = 0
configure:10194: /usr/bin/gcc -shared  -fPIC -DPIC conftest.o  -v -Wl,-soname -Wl,conftest -o conftest 2\>\&1 \| /bin/grep  -lc  \>/dev/null 2\>\&1
configure:10197: $? = 0
configure:10211: result: no
configure:10371: checking dynamic linker characteristics
configure:10871: /usr/bin/gcc -o conftest -g3 -gdwarf-2   -Wl,-rpath -Wl,/foo conftest.c  >&5
configure:10871: $? = 0
configure:11105: result: GNU/Linux ld.so
configure:11212: checking how to hardcode library paths into programs
configure:11237: result: immediate
configure:11777: checking whether stripping libraries is possible
configure:11782: result: yes
configure:11817: checking if libtool supports shared libraries
configure:11819: result: yes
configure:11822: checking whether to build shared libraries
configure:11843: result: yes
configure:11846: checking whether to build static libraries
configure:11850: result: yes
configure:12004: checking for C++ compiler version
configure:12013: /usr/bin/g++ --version >&5
g++ (Ubuntu 4.8.4-2ubuntu1~14.04) 4.8.4
Copyright (C) 2013 Free Software Foundation, Inc.
This is free software; see the source for copying conditions.  There is NO
warranty; not even for MERCHANTABILITY or FITNESS FOR A PARTICULAR PURPOSE.

configure:12024: $? = 0
configure:12013: /usr/bin/g++ -v >&5
Using built-in specs.
COLLECT_GCC=/usr/bin/g++
COLLECT_LTO_WRAPPER=/usr/lib/gcc/i686-linux-gnu/4.8/lto-wrapper
Target: i686-linux-gnu
Configured with: ../src/configure -v --with-pkgversion='Ubuntu 4.8.4-2ubuntu1~14.04' --with-bugurl=file:///usr/share/doc/gcc-4.8/README.Bugs --enable-languages=c,c++,java,go,d,fortran,objc,obj-c++ --prefix=/usr --program-suffix=-4.8 --enable-shared --enable-linker-build-id --libexecdir=/usr/lib --without-included-gettext --enable-threads=posix --with-gxx-include-dir=/usr/include/c++/4.8 --libdir=/usr/lib --enable-nls --with-sysroot=/ --enable-clocale=gnu --enable-libstdcxx-debug --enable-libstdcxx-time=yes --enable-gnu-unique-object --disable-libmudflap --enable-plugin --with-system-zlib --disable-browser-plugin --enable-java-awt=gtk --enable-gtk-cairo --with-java-home=/usr/lib/jvm/java-1.5.0-gcj-4.8-i386/jre --enable-java-home --with-jvm-root-dir=/usr/lib/jvm/java-1.5.0-gcj-4.8-i386 --with-jvm-jar-dir=/usr/lib/jvm-exports/java-1.5.0-gcj-4.8-i386 --with-arch-directory=i386 --with-ecj-jar=/usr/share/java/eclipse-ecj.jar --enable-objc-gc --enable-targets=all --enable-multiarch --disable-werror --with-arch-32=i686 --with-multilib-list=m32,m64,mx32 --with-tune=generic --enable-checking=release --build=i686-linux-gnu --host=i686-linux-gnu --target=i686-linux-gnu
Thread model: posix
gcc version 4.8.4 (Ubuntu 4.8.4-2ubuntu1~14.04) 
configure:12024: $? = 0
configure:12013: /usr/bin/g++ -V >&5
g++: error: unrecognized command line option '-V'
g++: fatal error: no input files
compilation terminated.
configure:12024: $? = 4
configure:12013: /usr/bin/g++ -qversion >&5
g++: error: unrecognized command line option '-qversion'
g++: fatal error: no input files
compilation terminated.
configure:12024: $? = 4
configure:12028: checking whether we are using the GNU C++ compiler
configure:12047: /usr/bin/g++ -c -g3 -gdwarf-2  conftest.cpp >&5
configure:12047: $? = 0
configure:12056: result: yes
configure:12065: checking whether /usr/bin/g++ accepts -g
configure:12085: /usr/bin/g++ -c -g  conftest.cpp >&5
configure:12085: $? = 0
configure:12126: result: yes
configure:12151: checking dependency style of /usr/bin/g++
configure:12262: result: gcc3
configure:12295: checking how to run the C++ preprocessor
configure:12322: /usr/bin/g++ -E  conftest.cpp
configure:12322: $? = 0
configure:12336: /usr/bin/g++ -E  conftest.cpp
conftest.cpp:23:28: fatal error: ac_nonexistent.h: No such file or directory
 #include <ac_nonexistent.h>
                            ^
compilation terminated.
configure:12336: $? = 1
configure: failed program was:
| /* confdefs.h */
| #define PACKAGE_NAME "libodb-mysql"
| #define PACKAGE_TARNAME "libodb-mysql"
| #define PACKAGE_VERSION "2.4.0"
| #define PACKAGE_STRING "libodb-mysql 2.4.0"
| #define PACKAGE_BUGREPORT "odb-users@codesynthesis.com"
| #define PACKAGE_URL ""
| #define PACKAGE "libodb-mysql"
| #define VERSION "2.4.0"
| #define STDC_HEADERS 1
| #define HAVE_SYS_TYPES_H 1
| #define HAVE_SYS_STAT_H 1
| #define HAVE_STDLIB_H 1
| #define HAVE_STRING_H 1
| #define HAVE_MEMORY_H 1
| #define HAVE_STRINGS_H 1
| #define HAVE_INTTYPES_H 1
| #define HAVE_STDINT_H 1
| #define HAVE_UNISTD_H 1
| #define HAVE_DLFCN_H 1
| #define LT_OBJDIR ".libs/"
| /* end confdefs.h.  */
| #include <ac_nonexistent.h>
configure:12361: result: /usr/bin/g++ -E
configure:12381: /usr/bin/g++ -E  conftest.cpp
configure:12381: $? = 0
configure:12395: /usr/bin/g++ -E  conftest.cpp
conftest.cpp:23:28: fatal error: ac_nonexistent.h: No such file or directory
 #include <ac_nonexistent.h>
                            ^
compilation terminated.
configure:12395: $? = 1
configure: failed program was:
| /* confdefs.h */
| #define PACKAGE_NAME "libodb-mysql"
| #define PACKAGE_TARNAME "libodb-mysql"
| #define PACKAGE_VERSION "2.4.0"
| #define PACKAGE_STRING "libodb-mysql 2.4.0"
| #define PACKAGE_BUGREPORT "odb-users@codesynthesis.com"
| #define PACKAGE_URL ""
| #define PACKAGE "libodb-mysql"
| #define VERSION "2.4.0"
| #define STDC_HEADERS 1
| #define HAVE_SYS_TYPES_H 1
| #define HAVE_SYS_STAT_H 1
| #define HAVE_STDLIB_H 1
| #define HAVE_STRING_H 1
| #define HAVE_MEMORY_H 1
| #define HAVE_STRINGS_H 1
| #define HAVE_INTTYPES_H 1
| #define HAVE_STDINT_H 1
| #define HAVE_UNISTD_H 1
| #define HAVE_DLFCN_H 1
| #define LT_OBJDIR ".libs/"
| /* end confdefs.h.  */
| #include <ac_nonexistent.h>
configure:12564: checking for ld used by /usr/bin/g++
configure:12631: result: /usr/bin/ld
configure:12638: checking if the linker (/usr/bin/ld) is GNU ld
configure:12653: result: yes
configure:12708: checking whether the /usr/bin/g++ linker (/usr/bin/ld) supports shared libraries
configure:13710: result: yes
configure:13746: /usr/bin/g++ -c -g3 -gdwarf-2  conftest.cpp >&5
configure:13749: $? = 0
configure:14269: checking for /usr/bin/g++ option to produce PIC
configure:14276: result: -fPIC -DPIC
configure:14284: checking if /usr/bin/g++ PIC flag -fPIC -DPIC works
configure:14302: /usr/bin/g++ -c -g3 -gdwarf-2  -fPIC -DPIC -DPIC conftest.cpp >&5
configure:14306: $? = 0
configure:14319: result: yes
configure:14342: checking if /usr/bin/g++ static flag -static works
configure:14370: result: yes
configure:14382: checking if /usr/bin/g++ supports -c -o file.o
configure:14403: /usr/bin/g++ -c -g3 -gdwarf-2  -o out/conftest2.o conftest.cpp >&5
configure:14407: $? = 0
configure:14429: result: yes
configure:14434: checking if /usr/bin/g++ supports -c -o file.o
configure:14481: result: yes
configure:14511: checking whether the /usr/bin/g++ linker (/usr/bin/ld) supports shared libraries
configure:14550: result: yes
configure:14691: checking dynamic linker characteristics
configure:15359: result: GNU/Linux ld.so
configure:15412: checking how to hardcode library paths into programs
configure:15437: result: immediate
configure:15487: creating ./config.lt

## ------------------ ##
## Running config.lt. ##
## ------------------ ##
config.lt:682: creating libtool
configure:17352: checking for the pthreads library -lpthreads
configure:17386: /usr/bin/g++ -o conftest -g3 -gdwarf-2    conftest.cpp -lpthreads  >&5
conftest.cpp: In function 'int main()':
conftest.cpp:28:41: warning: null argument where non-null required (argument 1) [-Wnonnull]
                      pthread_attr_init(0); pthread_cleanup_push(0, 0);
                                         ^
conftest.cpp:29:44: warning: null argument where non-null required (argument 1) [-Wnonnull]
                      pthread_create(0,0,0,0); pthread_cleanup_pop(0);
                                            ^
conftest.cpp:29:44: warning: null argument where non-null required (argument 3) [-Wnonnull]
/usr/bin/ld: cannot find -lpthreads
collect2: error: ld returned 1 exit status
configure:17386: $? = 1
configure: failed program was:
| /* confdefs.h */
| #define PACKAGE_NAME "libodb-mysql"
| #define PACKAGE_TARNAME "libodb-mysql"
| #define PACKAGE_VERSION "2.4.0"
| #define PACKAGE_STRING "libodb-mysql 2.4.0"
| #define PACKAGE_BUGREPORT "odb-users@codesynthesis.com"
| #define PACKAGE_URL ""
| #define PACKAGE "libodb-mysql"
| #define VERSION "2.4.0"
| #define STDC_HEADERS 1
| #define HAVE_SYS_TYPES_H 1
| #define HAVE_SYS_STAT_H 1
| #define HAVE_STDLIB_H 1
| #define HAVE_STRING_H 1
| #define HAVE_MEMORY_H 1
| #define HAVE_STRINGS_H 1
| #define HAVE_INTTYPES_H 1
| #define HAVE_STDINT_H 1
| #define HAVE_UNISTD_H 1
| #define HAVE_DLFCN_H 1
| #define LT_OBJDIR ".libs/"
| /* end confdefs.h.  */
| #include <pthread.h>
| int
| main ()
| {
| pthread_t th; pthread_join(th, 0);
|                      pthread_attr_init(0); pthread_cleanup_push(0, 0);
|                      pthread_create(0,0,0,0); pthread_cleanup_pop(0);
|   ;
|   return 0;
| }
configure:17395: result: no
configure:17352: checking for the pthreads library -lpthread
configure:17386: /usr/bin/g++ -o conftest -g3 -gdwarf-2    conftest.cpp -lpthread  >&5
conftest.cpp: In function 'int main()':
conftest.cpp:28:41: warning: null argument where non-null required (argument 1) [-Wnonnull]
                      pthread_attr_init(0); pthread_cleanup_push(0, 0);
                                         ^
conftest.cpp:29:44: warning: null argument where non-null required (argument 1) [-Wnonnull]
                      pthread_create(0,0,0,0); pthread_cleanup_pop(0);
                                            ^
conftest.cpp:29:44: warning: null argument where non-null required (argument 3) [-Wnonnull]
configure:17386: $? = 0
configure:17395: result: yes
configure:17414: checking if more special flags are required for pthreads
configure:17423: result: -D_REENTRANT
configure:17466: checking for __thread keyword
configure:17497: /usr/bin/g++ -c -g3 -gdwarf-2 -D_REENTRANT   conftest.cpp >&5
configure:17497: $? = 0
configure:17504: ./libtool --tag=CXX --mode=link /usr/bin/g++ -no-install -g3 -gdwarf-2 -D_REENTRANT   -o conftest conftest.o  -lpthread >&5
libtool: link: /usr/bin/g++ -g3 -gdwarf-2 -D_REENTRANT -o conftest conftest.o  -lpthread
configure:17508: $? = 0
configure:17541: result: yes
configure:17564: checking for libmysqlclient_r
configure:17618: /usr/bin/g++ -c -g3 -gdwarf-2 -D_REENTRANT   conftest.cpp >&5
configure:17618: $? = 0
configure:17625: ./libtool --tag=CXX --mode=link /usr/bin/g++ -no-install -g3 -gdwarf-2 -D_REENTRANT   -Lnone -o conftest conftest.o -lmysqlclient_r  -lpthread >&5
./libtool: line 6003: cd: none: No such file or directory
libtool: link: cannot determine absolute directory name of `none'
configure:17629: $? = 1
configure:17705: /usr/bin/g++ -c -g3 -gdwarf-2 -D_REENTRANT   conftest.cpp >&5
conftest.cpp:29:19: fatal error: mysql.h: No such file or directory
 #include <mysql.h>
                   ^
compilation terminated.
configure:17705: $? = 1
configure: failed program was:
| /* confdefs.h */
| #define PACKAGE_NAME "libodb-mysql"
| #define PACKAGE_TARNAME "libodb-mysql"
| #define PACKAGE_VERSION "2.4.0"
| #define PACKAGE_STRING "libodb-mysql 2.4.0"
| #define PACKAGE_BUGREPORT "odb-users@codesynthesis.com"
| #define PACKAGE_URL ""
| #define PACKAGE "libodb-mysql"
| #define VERSION "2.4.0"
| #define STDC_HEADERS 1
| #define HAVE_SYS_TYPES_H 1
| #define HAVE_SYS_STAT_H 1
| #define HAVE_STDLIB_H 1
| #define HAVE_STRING_H 1
| #define HAVE_MEMORY_H 1
| #define HAVE_STRINGS_H 1
| #define HAVE_INTTYPES_H 1
| #define HAVE_STDINT_H 1
| #define HAVE_UNISTD_H 1
| #define HAVE_DLFCN_H 1
| #define LT_OBJDIR ".libs/"
| #define HAVE_PTHREAD 1
| /* end confdefs.h.  */
| 
| 
| #ifdef _WIN32
| #  include <winsock2.h>
| #endif
| #include <mysql.h>
| 
| int
| main ()
| {
|   MYSQL handle;
|   mysql_init (&handle);
|   mysql_real_connect (&handle, 0, 0, 0, 0, 0, 0, 0);
|   MYSQL_STMT* stmt = mysql_stmt_init (&handle);
|   mysql_stmt_close (stmt);
|   mysql_close (&handle);
| }
| 
configure:17618: /usr/bin/g++ -c -g3 -gdwarf-2 -D_REENTRANT   conftest.cpp >&5
configure:17618: $? = 0
configure:17625: ./libtool --tag=CXX --mode=link /usr/bin/g++ -no-install -g3 -gdwarf-2 -D_REENTRANT   -L/usr/lib/mysql -o conftest conftest.o -lmysqlclient_r  -lpthread >&5
libtool: link: /usr/bin/g++ -g3 -gdwarf-2 -D_REENTRANT -o conftest conftest.o  -L/usr/lib/mysql -lmysqlclient_r -lpthread
configure:17629: $? = 0
configure:17767: result: yes
configure:17810: /usr/bin/g++ -c -g3 -gdwarf-2 -D_REENTRANT   conftest.cpp >&5
configure:17810: $? = 0
configure:17817: ./libtool --tag=CXX --mode=link /usr/bin/g++ -no-install -g3 -gdwarf-2 -D_REENTRANT   -L/usr/lib/mysql -o conftest conftest.o -lmysqlclient_r  -lpthread >&5
libtool: link: /usr/bin/g++ -g3 -gdwarf-2 -D_REENTRANT -o conftest conftest.o  -L/usr/lib/mysql -lmysqlclient_r -lpthread
configure:17821: $? = 0
configure:17892: checking for libodb
configure:17966: /usr/bin/g++ -c -g3 -gdwarf-2 -D_REENTRANT   conftest.cpp >&5
configure:17966: $? = 0
configure:17973: ./libtool --tag=CXX --mode=link /usr/bin/g++ -no-install -g3 -gdwarf-2 -D_REENTRANT   -L/usr/lib/mysql -o conftest conftest.o -lodb -lmysqlclient_r  -lpthread >&5
libtool: link: /usr/bin/g++ -g3 -gdwarf-2 -D_REENTRANT -o conftest conftest.o  -L/usr/lib/mysql -lodb -lmysqlclient_r -lpthread
configure:17977: $? = 0
configure:18020: result: yes
configure:18063: checking whether to use rpath
configure:18072: result: yes
configure:18196: checking that generated files are newer than configure
configure:18202: result: done
configure:18229: creating ./config.status

## ---------------------- ##
## Running config.status. ##
## ---------------------- ##

This file was extended by libodb-mysql config.status 2.4.0, which was
generated by GNU Autoconf 2.69.  Invocation command line was

  CONFIG_FILES    = 
  CONFIG_HEADERS  = 
  CONFIG_LINKS    = 
  CONFIG_COMMANDS = 
  $ ./config.status 

on iot-virtual-machine

config.status:1155: creating libodb-mysql.pc
config.status:1155: creating Makefile
config.status:1155: creating odb/mysql/Makefile
config.status:1155: creating odb/mysql/config.h
config.status:1336: odb/mysql/config.h is unchanged
config.status:1155: creating odb/mysql/details/config.h
config.status:1336: odb/mysql/details/config.h is unchanged
config.status:1384: executing depfiles commands
config.status:1384: executing libtool commands
config.status:1384: executing libtool-rpath-patch commands

## ---------------- ##
## Cache variables. ##
## ---------------- ##

ac_cv_build=i686-pc-linux-gnu
ac_cv_c_compiler_gnu=yes
ac_cv_cxx_compiler_gnu=yes
ac_cv_env_CCC_set=
ac_cv_env_CCC_value=
ac_cv_env_CC_set=set
ac_cv_env_CC_value=/usr/bin/gcc
ac_cv_env_CFLAGS_set=set
ac_cv_env_CFLAGS_value='-g3 -gdwarf-2'
ac_cv_env_CPPFLAGS_set=
ac_cv_env_CPPFLAGS_value=
ac_cv_env_CPP_set=
ac_cv_env_CPP_value=
ac_cv_env_CXXCPP_set=
ac_cv_env_CXXCPP_value=
ac_cv_env_CXXFLAGS_set=set
ac_cv_env_CXXFLAGS_value='-g3 -gdwarf-2'
ac_cv_env_CXX_set=set
ac_cv_env_CXX_value=/usr/bin/g++
ac_cv_env_LDFLAGS_set=set
ac_cv_env_LDFLAGS_value=
ac_cv_env_LIBS_set=
ac_cv_env_LIBS_value=
ac_cv_env_build_alias_set=
ac_cv_env_build_alias_value=
ac_cv_env_host_alias_set=
ac_cv_env_host_alias_value=
ac_cv_env_target_alias_set=
ac_cv_env_target_alias_value=
ac_cv_header_dlfcn_h=yes
ac_cv_header_inttypes_h=yes
ac_cv_header_memory_h=yes
ac_cv_header_stdc=yes
ac_cv_header_stdint_h=yes
ac_cv_header_stdlib_h=yes
ac_cv_header_string_h=yes
ac_cv_header_strings_h=yes
ac_cv_header_sys_stat_h=yes
ac_cv_header_sys_types_h=yes
ac_cv_header_unistd_h=yes
ac_cv_host=i686-pc-linux-gnu
ac_cv_objext=o
ac_cv_path_EGREP='/bin/grep -E'
ac_cv_path_FGREP='/bin/grep -F'
ac_cv_path_GREP=/bin/grep
ac_cv_path_SED=/bin/sed
ac_cv_path_install='/usr/bin/install -c'
ac_cv_path_mkdir=/bin/mkdir
ac_cv_prog_AWK=mawk
ac_cv_prog_CPP='/usr/bin/gcc -E'
ac_cv_prog_CXXCPP='/usr/bin/g++ -E'
ac_cv_prog_ac_ct_AR=ar
ac_cv_prog_ac_ct_CC=/usr/bin/gcc
ac_cv_prog_ac_ct_MANIFEST_TOOL=mt
ac_cv_prog_ac_ct_OBJDUMP=objdump
ac_cv_prog_ac_ct_RANLIB=ranlib
ac_cv_prog_ac_ct_STRIP=strip
ac_cv_prog_cc_c89=
ac_cv_prog_cc_g=yes
ac_cv_prog_cxx_g=yes
ac_cv_prog_make_make_set=yes
am_cv_CC_dependencies_compiler_type=gcc3
am_cv_CXX_dependencies_compiler_type=gcc3
am_cv_ar_interface=ar
am_cv_prog_tar_ustar=gnutar
lt_cv_ar_at_file=@
lt_cv_archive_cmds_need_lc=no
lt_cv_deplibs_check_method=pass_all
lt_cv_file_magic_cmd='$MAGIC_CMD'
lt_cv_file_magic_test_file=
lt_cv_ld_reload_flag=-r
lt_cv_nm_interface='BSD nm'
lt_cv_objdir=.libs
lt_cv_path_LD=/usr/bin/ld
lt_cv_path_LDCXX=/usr/bin/ld
lt_cv_path_NM='/usr/bin/nm -B'
lt_cv_path_mainfest_tool=no
lt_cv_prog_compiler_c_o=yes
lt_cv_prog_compiler_c_o_CXX=yes
lt_cv_prog_compiler_pic='-fPIC -DPIC'
lt_cv_prog_compiler_pic_CXX='-fPIC -DPIC'
lt_cv_prog_compiler_pic_works=yes
lt_cv_prog_compiler_pic_works_CXX=yes
lt_cv_prog_compiler_rtti_exceptions=no
lt_cv_prog_compiler_static_works=yes
lt_cv_prog_compiler_static_works_CXX=yes
lt_cv_prog_gnu_ld=yes
lt_cv_prog_gnu_ldcxx=yes
lt_cv_sharedlib_from_linklib_cmd='printf %s\n'
lt_cv_shlibpath_overrides_runpath=no
lt_cv_sys_global_symbol_pipe='sed -n -e '\''s/^.*[	 ]\([ABCDGIRSTW][ABCDGIRSTW]*\)[	 ][	 ]*\([_A-Za-z][_A-Za-z0-9]*\)$/\1 \2 \2/p'\'' | sed '\''/ __gnu_lto/d'\'''
lt_cv_sys_global_symbol_to_c_name_address='sed -n -e '\''s/^: \([^ ]*\)[ ]*$/  {\"\1\", (void *) 0},/p'\'' -e '\''s/^[ABCDGIRSTW]* \([^ ]*\) \([^ ]*\)$/  {"\2", (void *) \&\2},/p'\'''
lt_cv_sys_global_symbol_to_c_name_address_lib_prefix='sed -n -e '\''s/^: \([^ ]*\)[ ]*$/  {\"\1\", (void *) 0},/p'\'' -e '\''s/^[ABCDGIRSTW]* \([^ ]*\) \(lib[^ ]*\)$/  {"\2", (void *) \&\2},/p'\'' -e '\''s/^[ABCDGIRSTW]* \([^ ]*\) \([^ ]*\)$/  {"lib\2", (void *) \&\2},/p'\'''
lt_cv_sys_global_symbol_to_cdecl='sed -n -e '\''s/^T .* \(.*\)$/extern int \1();/p'\'' -e '\''s/^[ABCDGIRSTW]* .* \(.*\)$/extern char \1;/p'\'''
lt_cv_sys_max_cmd_len=1572864
lt_cv_to_host_file_cmd=func_convert_file_noop
lt_cv_to_tool_file_cmd=func_convert_file_noop

## ----------------- ##
## Output variables. ##
## ----------------- ##

ACLOCAL='${SHELL} /home/iot/NetBeansProjects/libodb-mysql-2.4.0/config/missing --run aclocal-1.12'
AMDEPBACKSLASH='\'
AMDEP_FALSE='#'
AMDEP_TRUE=''
AMTAR='$${TAR-tar}'
AR='ar'
AS='as'
AUTOCONF='${SHELL} /home/iot/NetBeansProjects/libodb-mysql-2.4.0/config/missing --run autoconf'
AUTOHEADER='${SHELL} /home/iot/NetBeansProjects/libodb-mysql-2.4.0/config/missing --run autoheader'
AUTOMAKE='${SHELL} /home/iot/NetBeansProjects/libodb-mysql-2.4.0/config/missing --run automake-1.12'
AWK='mawk'
CC='/usr/bin/gcc'
CCDEPMODE='depmode=gcc3'
CFLAGS='-g3 -gdwarf-2'
CPP='/usr/bin/gcc -E'
CPPFLAGS=''
CXX='/usr/bin/g++'
CXXCPP='/usr/bin/g++ -E'
CXXDEPMODE='depmode=gcc3'
CXXFLAGS='-g3 -gdwarf-2 -D_REENTRANT '
CYGPATH_W='echo'
DEFS='-DHAVE_CONFIG_H'
DEPDIR='.deps'
DLLTOOL='false'
DSYMUTIL=''
DUMPBIN=''
ECHO_C=''
ECHO_N='-n'
ECHO_T=''
EGREP='/bin/grep -E'
EXEEXT=''
FGREP='/bin/grep -F'
GREP='/bin/grep'
INSTALL_DATA='${INSTALL} -m 644'
INSTALL_PROGRAM='${INSTALL}'
INSTALL_SCRIPT='${INSTALL}'
INSTALL_STRIP_PROGRAM='$(install_sh) -c -s'
LD='/usr/bin/ld'
LDFLAGS=' -L/usr/lib/mysql'
LIBOBJS=''
LIBS='-lodb -lmysqlclient_r  -lpthread'
LIBTOOL='$(SHELL) $(top_builddir)/libtool'
LIPO=''
LN_S='ln -s'
LTLIBOBJS=''
MAKEINFO='${SHELL} /home/iot/NetBeansProjects/libodb-mysql-2.4.0/config/missing --run makeinfo'
MANIFEST_TOOL=':'
MKDIR_P='/bin/mkdir -p'
NM='/usr/bin/nm -B'
NMEDIT=''
OBJDUMP='objdump'
OBJEXT='o'
OTOOL64=''
OTOOL=''
PACKAGE='libodb-mysql'
PACKAGE_BUGREPORT='odb-users@codesynthesis.com'
PACKAGE_NAME='libodb-mysql'
PACKAGE_STRING='libodb-mysql 2.4.0'
PACKAGE_TARNAME='libodb-mysql'
PACKAGE_URL=''
PACKAGE_VERSION='2.4.0'
PATH_SEPARATOR=':'
PTHREAD_CXX=''
PTHREAD_CXXFLAGS='-D_REENTRANT '
PTHREAD_LIBS='-lpthread'
RANLIB='ranlib'
SED='/bin/sed'
SET_MAKE=''
SHELL='/bin/bash'
STRIP='strip'
VERSION='2.4.0'
ac_ct_AR='ar'
ac_ct_CC='/usr/bin/gcc'
ac_ct_CXX=''
ac_ct_DUMPBIN=''
acx_pthread_config=''
am__EXEEXT_FALSE=''
am__EXEEXT_TRUE='#'
am__fastdepCC_FALSE='#'
am__fastdepCC_TRUE=''
am__fastdepCXX_FALSE='#'
am__fastdepCXX_TRUE=''
am__include='include'
am__isrc=''
am__leading_dot='.'
am__nodep='_no'
am__quote=''
am__tar='tar --format=ustar -chf - "$$tardir"'
am__untar='tar -xf -'
bindir='${exec_prefix}/bin'
build='i686-pc-linux-gnu'
build_alias=''
build_cpu='i686'
build_os='linux-gnu'
build_vendor='pc'
datadir='${datarootdir}'
datarootdir='${prefix}/share'
docdir='${datarootdir}/doc/${PACKAGE_TARNAME}'
dvidir='${docdir}'
exec_prefix='${prefix}'
host='i686-pc-linux-gnu'
host_alias=''
host_cpu='i686'
host_os='linux-gnu'
host_vendor='pc'
htmldir='${docdir}'
includedir='${prefix}/include'
infodir='${datarootdir}/info'
install_sh='${SHELL} /home/iot/NetBeansProjects/libodb-mysql-2.4.0/config/install-sh'
libdir='${exec_prefix}/lib'
libexecdir='${exec_prefix}/libexec'
localedir='${datarootdir}/locale'
localstatedir='${prefix}/var'
mandir='${datarootdir}/man'
mkdir_p='$(MKDIR_P)'
oldincludedir='/usr/include'
pdfdir='${docdir}'
pkgconfigdir='${libdir}/pkgconfig'
prefix='/usr/local'
program_transform_name='s,x,x,'
psdir='${docdir}'
sbindir='${exec_prefix}/sbin'
sharedstatedir='${prefix}/com'
sysconfdir='${prefix}/etc'
target_alias=''

## ----------- ##
## confdefs.h. ##
## ----------- ##

/* confdefs.h */
#define PACKAGE_NAME "libodb-mysql"
#define PACKAGE_TARNAME "libodb-mysql"
#define PACKAGE_VERSION "2.4.0"
#define PACKAGE_STRING "libodb-mysql 2.4.0"
#define PACKAGE_BUGREPORT "odb-users@codesynthesis.com"
#define PACKAGE_URL ""
#define PACKAGE "libodb-mysql"
#define VERSION "2.4.0"
#define STDC_HEADERS 1
#define HAVE_SYS_TYPES_H 1
#define HAVE_SYS_STAT_H 1
#define HAVE_STDLIB_H 1
#define HAVE_STRING_H 1
#define HAVE_MEMORY_H 1
#define HAVE_STRINGS_H 1
#define HAVE_INTTYPES_H 1
#define HAVE_STDINT_H 1
#define HAVE_UNISTD_H 1
#define HAVE_DLFCN_H 1
#define LT_OBJDIR ".libs/"
#define HAVE_PTHREAD 1
#define LIBODB_MYSQL_INCLUDE_LONG 1
#define LIBODB_MYSQL_THR_KEY_VISIBLE 1

configure: exit 0
